<?xml version="1.0" encoding="UTF-8"?>
<!-- Generated by org.testng.reporters.JUnitReportReporter -->
<testsuite hostname="cal1586" name="DMSData.Testcases.DepartmentDataTest" tests="1" failures="0" timestamp="16 Mar 2022 19:20:47 GMT" time="1.980" errors="0">
  <testcase name="Department" time="1.980" classname="DMSData.Testcases.DepartmentDataTest"/>
</testsuite> <!-- DMSData.Testcases.DepartmentDataTest -->
