<?xml version="1.0" encoding="UTF-8"?>
<!-- Generated by org.testng.reporters.JUnitReportReporter -->
<testsuite hostname="cal1586" name="DMSData.Testcases.LoginDataTest" tests="1" failures="0" timestamp="15 Mar 2022 19:16:51 GMT" time="10.262" errors="0">
  <testcase name="Login" time="10.262" classname="DMSData.Testcases.LoginDataTest"/>
</testsuite> <!-- DMSData.Testcases.LoginDataTest -->
